<?xml version="1.0" encoding="UTF-8"?>
  <testsuites tests="10" disabled="8" errors="1" failures="0" time="28.345919875">
      <testsuite name="Tests Suite" package="/Users/thomas.smith1/git/moj/cloud-platform-integration-tests/test" tests="10" disabled="0" skipped="8" errors="1" failures="0" time="28.345919875" timestamp="2026-06-15T16:01:57">
          <properties>
              <property name="SuiteSucceeded" value="false"></property>
              <property name="SuiteHasProgrammaticFocus" value="false"></property>
              <property name="SpecialSuiteFailureReason" value="Interrupted by User"></property>
              <property name="SuiteLabels" value="[]"></property>
              <property name="SuiteSemVerConstraints" value="[]"></property>
              <property name="SuiteComponentSemVerConstraints" value="[]"></property>
              <property name="RandomSeed" value="1781535709"></property>
              <property name="RandomizeAllSpecs" value="true"></property>
              <property name="LabelFilter" value=""></property>
              <property name="SemVerFilter" value=""></property>
              <property name="FocusStrings" value=""></property>
              <property name="SkipStrings" value=""></property>
              <property name="FocusFiles" value=""></property>
              <property name="SkipFiles" value=""></property>
              <property name="FailOnPending" value="false"></property>
              <property name="FailOnEmpty" value="false"></property>
              <property name="FailFast" value="false"></property>
              <property name="FlakeAttempts" value="0"></property>
              <property name="DryRun" value="false"></property>
              <property name="ParallelTotal" value="1"></property>
              <property name="OutputInterceptorMode" value="none"></property>
          </properties>
          <testcase name="[It] NetworkPolicy Cross-namespace connectivity WHEN no NetworkPolicy THEN ALLOW cross-namespace pod connectivity" classname="Tests Suite" status="passed" time="19.92977875">
              <system-err>&gt; Enter [BeforeEach] Cross-namespace connectivity - /Users/thomas.smith1/git/moj/cloud-platform-integration-tests/test/networkpolicy_test.go:27 @ 06/15/26 16:01:57.454&#xA;&lt; Exit [BeforeEach] Cross-namespace connectivity - /Users/thomas.smith1/git/moj/cloud-platform-integration-tests/test/networkpolicy_test.go:27 @ 06/15/26 16:02:15.481 (18.027s)&#xA;&gt; Enter [It] WHEN no NetworkPolicy THEN ALLOW cross-namespace pod connectivity - /Users/thomas.smith1/git/moj/cloud-platform-integration-tests/test/networkpolicy_test.go:88 @ 06/15/26 16:02:15.481&#xA;&lt; Exit [It] WHEN no NetworkPolicy THEN ALLOW cross-namespace pod connectivity - /Users/thomas.smith1/git/moj/cloud-platform-integration-tests/test/networkpolicy_test.go:88 @ 06/15/26 16:02:17.3 (1.819s)&#xA;&gt; Enter [AfterEach] Cross-namespace connectivity - /Users/thomas.smith1/git/moj/cloud-platform-integration-tests/test/networkpolicy_test.go:75 @ 06/15/26 16:02:17.3&#xA;&lt; Exit [AfterEach] Cross-namespace connectivity - /Users/thomas.smith1/git/moj/cloud-platform-integration-tests/test/networkpolicy_test.go:75 @ 06/15/26 16:02:17.383 (83ms)&#xA;</system-err>
          </testcase>
          <testcase name="[It] NetworkPolicy Cross-namespace connectivity WITH Cloud Platform default deny policy THEN ALLOW same-namespace traffic" classname="Tests Suite" status="interrupted" time="8.409682916">
              <error message="Interrupted by User" type="interrupted">[INTERRUPTED] Interrupted by User&#xA;In [BeforeEach] at: /Users/thomas.smith1/git/moj/cloud-platform-integration-tests/test/networkpolicy_test.go:27 @ 06/15/26 16:02:25.697&#xA;&#xA;This is the Progress Report generated when the interrupt was received:&#xA;  NetworkPolicy Cross-namespace connectivity WITH Cloud Platform default deny policy THEN ALLOW same-namespace traffic (Spec Runtime: 8.313s)&#xA;    /Users/thomas.smith1/git/moj/cloud-platform-integration-tests/test/networkpolicy_test.go:124&#xA;    In [BeforeEach] (Node Runtime: 8.313s)&#xA;      /Users/thomas.smith1/git/moj/cloud-platform-integration-tests/test/networkpolicy_test.go:27&#xA;&#xA;    Spec Goroutine&#xA;    goroutine 70 [sleep]&#xA;      time.Sleep(0x2540be400)&#xA;        /opt/homebrew/Cellar/go/1.26.1/libexec/src/runtime/time.go:363&#xA;      github.com/gruntwork-io/terratest/modules/retry.DoWithRetryInterfaceE({0x10cacca38, 0x6da93136af30}, {0x6da93146c3c0, 0x2a}, 0xa, 0x2540be400, 0x6da93139bae8)&#xA;        /Users/thomas.smith1/go/pkg/mod/github.com/gruntwork-io/terratest@v0.54.0/modules/retry/retry.go:104&#xA;      github.com/gruntwork-io/terratest/modules/retry.DoWithRetryE({0x10cacca38?, 0x6da93136af30?}, {0x6da93146c3c0?, 0x1?}, 0x1?, 0x10159acf4?, 0x6da93139bb98?)&#xA;        /Users/thomas.smith1/go/pkg/mod/github.com/gruntwork-io/terratest@v0.54.0/modules/retry/retry.go:68&#xA;      github.com/gruntwork-io/terratest/modules/k8s.WaitUntilPodAvailableE({0x10cacca38, 0x6da93136af30}, 0x6da931b34060, {0x1017f6f9d, 0xa}, 0xa, 0x2540be400)&#xA;        /Users/thomas.smith1/go/pkg/mod/github.com/gruntwork-io/terratest@v0.54.0/modules/k8s/pod.go:114&#xA;      github.com/gruntwork-io/terratest/modules/k8s.WaitUntilPodAvailable({0x10cacca38, 0x6da93136af30}, 0x6da93139bc53?, {0x1017f6f9d?, 0x0?}, 0x0?, 0x103845a10?)&#xA;        /Users/thomas.smith1/go/pkg/mod/github.com/gruntwork-io/terratest@v0.54.0/modules/k8s/pod.go:107&#xA;    &gt; github.com/ministryofjustice/cloud-platform-integration-tests/test.init.func2.1.1()&#xA;        /Users/thomas.smith1/git/moj/cloud-platform-integration-tests/test/networkpolicy_test.go:70&#xA;          | Expect(err).NotTo(HaveOccurred())&#xA;          | &#xA;          &gt; k8s.WaitUntilPodAvailable(GinkgoT(), options1, &#34;test-pod-1&#34;, 10, 10*time.Second)&#xA;          | k8s.WaitUntilPodAvailable(GinkgoT(), options1, &#34;test-pod-1b&#34;, 10, 10*time.Second)&#xA;          | k8s.WaitUntilPodAvailable(GinkgoT(), options2, &#34;test-pod-2&#34;, 10, 10*time.Second)&#xA;      github.com/onsi/ginkgo/v2/internal.extractBodyFunction.func3({0x103306480?, 0x10129f798?})&#xA;        /Users/thomas.smith1/go/pkg/mod/github.com/onsi/ginkgo/v2@v2.31.0/internal/node.go:585&#xA;      github.com/onsi/ginkgo/v2/internal.(*Suite).runNode.func3()&#xA;        /Users/thomas.smith1/go/pkg/mod/github.com/onsi/ginkgo/v2@v2.31.0/internal/suite.go:946&#xA;      github.com/onsi/ginkgo/v2/internal.(*Suite).runNode in goroutine 36&#xA;        /Users/thomas.smith1/go/pkg/mod/github.com/onsi/ginkgo/v2@v2.31.0/internal/suite.go:911&#xA;&#xA;    Goroutines of Interest&#xA;    goroutine 1 [chan receive]&#xA;      testing.(*T).Run(0x6da9318f5b08, {0x1017f3cca?, 0x6da931c65968?}, 0x1035bc4b8)&#xA;        /opt/homebrew/Cellar/go/1.26.1/libexec/src/testing/testing.go:2109&#xA;      testing.runTests.func1(0x6da9318f5b08)&#xA;        /opt/homebrew/Cellar/go/1.26.1/libexec/src/testing/testing.go:2585&#xA;      testing.tRunner(0x6da9318f5b08, 0x6da931c65a98)&#xA;        /opt/homebrew/Cellar/go/1.26.1/libexec/src/testing/testing.go:2036&#xA;      testing.runTests({0x10187fe6c, 0x3d}, {0x1018888f5, 0x42}, 0x6da931a89398, {0x103848d40, 0x1, 0x1}, {0x6da931c65b28?, 0x1000f11c0?, ...})&#xA;        /opt/homebrew/Cellar/go/1.26.1/libexec/src/testing/testing.go:2583&#xA;      testing.(*M).Run(0x6da9319f3d60)&#xA;        /opt/homebrew/Cellar/go/1.26.1/libexec/src/testing/testing.go:2443&#xA;    &gt; github.com/ministryofjustice/cloud-platform-integration-tests/test.TestMain(0x6da9319f3d60)&#xA;        /Users/thomas.smith1/git/moj/cloud-platform-integration-tests/test/platform_test.go:61&#xA;          | // Run tests&#xA;          | fmt.Printf(&#34;Starting tests on cluster: %s\n&#34;, c.ClusterName)&#xA;          &gt; exitVal := m.Run()&#xA;          | &#xA;          | // Cleanup all prefixed namespaces after the tests have finished.&#xA;      main.main()&#xA;        _testmain.go:48&#xA;&#xA;    Other Goroutines&#xA;    goroutine 36 [running]&#xA;      github.com/onsi/ginkgo/v2/internal.extractRunningGoroutines()&#xA;        /Users/thomas.smith1/go/pkg/mod/github.com/onsi/ginkgo/v2@v2.31.0/internal/progress_report.go:181&#xA;      github.com/onsi/ginkgo/v2/internal.NewProgressReport(_, {{0x6da931c26120, 0x3, 0x3}, {0x6da931b8e160, 0x3, 0x3}, {0x6da931a320a0, 0x3, 0x3}, ...}, ...)&#xA;        /Users/thomas.smith1/go/pkg/mod/github.com/onsi/ginkgo/v2@v2.31.0/internal/progress_report.go:75&#xA;      github.com/onsi/ginkgo/v2/internal.(*Suite).generateProgressReport(_, _)&#xA;        /Users/thomas.smith1/go/pkg/mod/github.com/onsi/ginkgo/v2@v2.31.0/internal/suite.go:409&#xA;      github.com/onsi/ginkgo/v2/internal.(*Suite).runNode(_, {0x7, 0x8, {0x0, 0x0}, 0x6da931bebec0, {{0x101fe4497, 0x58}, 0x1b, {0x0, ...}, ...}, ...}, ...)&#xA;        /Users/thomas.smith1/go/pkg/mod/github.com/onsi/ginkgo/v2@v2.31.0/internal/suite.go:1033&#xA;      github.com/onsi/ginkgo/v2/internal.(*group).attemptSpec(0x6da9319892f0, 0x1, {{0x6da931452c08?, 0x6da931b8e160?, 0x3?}, 0x0?})&#xA;        /Users/thomas.smith1/go/pkg/mod/github.com/onsi/ginkgo/v2@v2.31.0/internal/group.go:234&#xA;      github.com/onsi/ginkgo/v2/internal.(*group).run(0x6da9319892f0, {0x6da932216060?, 0x0?, 0x0?})&#xA;        /Users/thomas.smith1/go/pkg/mod/github.com/onsi/ginkgo/v2@v2.31.0/internal/group.go:384&#xA;      github.com/onsi/ginkgo/v2/internal.(*Suite).runSpecs(0x6da9319cc408, {0x1017f88eb, 0xb}, {0x1038c91c0, 0x0, 0x0}, {0x1038c91c0, 0x0, 0x0}, 0x6da931c1c6c0, ...)&#xA;        /Users/thomas.smith1/go/pkg/mod/github.com/onsi/ginkgo/v2@v2.31.0/internal/suite.go:519&#xA;      github.com/onsi/ginkgo/v2/internal.(*Suite).Run(_, {_, _}, {_, _, _}, {_, _, _}, _, ...)&#xA;        /Users/thomas.smith1/go/pkg/mod/github.com/onsi/ginkgo/v2@v2.31.0/internal/suite.go:136&#xA;      github.com/onsi/ginkgo/v2.RunSpecs({0x1035c85c0, 0x6da931354248}, {0x1017f88eb, 0xb}, {0x6da931d6ce18, 0x2, 0x2})&#xA;        /Users/thomas.smith1/go/pkg/mod/github.com/onsi/ginkgo/v2@v2.31.0/core_dsl.go:314&#xA;      github.com/ministryofjustice/cloud-platform-integration-tests/test.TestSpec(0x6da931354248)&#xA;        /Users/thomas.smith1/git/moj/cloud-platform-integration-tests/test/platform_test.go:83&#xA;      testing.tRunner(0x6da931354248, 0x1035bc4b8)&#xA;        /opt/homebrew/Cellar/go/1.26.1/libexec/src/testing/testing.go:2036&#xA;      testing.(*T).Run in goroutine 1&#xA;        /opt/homebrew/Cellar/go/1.26.1/libexec/src/testing/testing.go:2101&#xA;&#xA;    goroutine 24 [syscall]&#xA;      os/signal.signal_recv()&#xA;        /opt/homebrew/Cellar/go/1.26.1/libexec/src/runtime/sigqueue.go:149&#xA;      os/signal.loop()&#xA;        /opt/homebrew/Cellar/go/1.26.1/libexec/src/os/signal/signal_unix.go:23&#xA;      os/signal.Notify.func1.1 in goroutine 36&#xA;        /opt/homebrew/Cellar/go/1.26.1/libexec/src/os/signal/signal.go:152&#xA;&#xA;    goroutine 25 [select]&#xA;      github.com/onsi/ginkgo/v2/internal/interrupt_handler.(*InterruptHandler).registerForInterrupts.func2(0x0?)&#xA;        /Users/thomas.smith1/go/pkg/mod/github.com/onsi/ginkgo/v2@v2.31.0/internal/interrupt_handler/interrupt_handler.go:131&#xA;      github.com/onsi/ginkgo/v2/internal/interrupt_handler.(*InterruptHandler).registerForInterrupts in goroutine 36&#xA;        /Users/thomas.smith1/go/pkg/mod/github.com/onsi/ginkgo/v2@v2.31.0/internal/interrupt_handler/interrupt_handler.go:128&#xA;&#xA;    goroutine 38 [select]&#xA;      github.com/onsi/ginkgo/v2/internal.RegisterForProgressSignal.func1()&#xA;        /Users/thomas.smith1/go/pkg/mod/github.com/onsi/ginkgo/v2@v2.31.0/internal/progress_report.go:32&#xA;      github.com/onsi/ginkgo/v2/internal.RegisterForProgressSignal in goroutine 36&#xA;        /Users/thomas.smith1/go/pkg/mod/github.com/onsi/ginkgo/v2@v2.31.0/internal/progress_report.go:30&#xA;&#xA;    goroutine 52 [IO wait]&#xA;      internal/poll.runtime_pollWait(0x10cacd800, 0x72)&#xA;        /opt/homebrew/Cellar/go/1.26.1/libexec/src/runtime/netpoll.go:351&#xA;      internal/poll.(*pollDesc).wait(0x6da931f92180?, 0x6da93183c800?, 0x0)&#xA;        /opt/homebrew/Cellar/go/1.26.1/libexec/src/internal/poll/fd_poll_runtime.go:84&#xA;      internal/poll.(*pollDesc).waitRead(...)&#xA;        /opt/homebrew/Cellar/go/1.26.1/libexec/src/internal/poll/fd_poll_runtime.go:89&#xA;      internal/poll.(*FD).Read(0x6da931f92180, {0x6da93183c800, 0x1800, 0x1800})&#xA;        /opt/homebrew/Cellar/go/1.26.1/libexec/src/internal/poll/fd_unix.go:165&#xA;      net.(*netFD).Read(0x6da931f92180, {0x6da93183c800?, 0x6da93183d8b8?, 0x5?})&#xA;        /opt/homebrew/Cellar/go/1.26.1/libexec/src/net/fd_posix.go:68&#xA;      net.(*conn).Read(0x6da9314026c8, {0x6da93183c800?, 0x6da931fc5938?, 0x1000ac7ec?})&#xA;        /opt/homebrew/Cellar/go/1.26.1/libexec/src/net/net.go:196&#xA;      crypto/tls.(*atLeastReader).Read(0x6da931ce1980, {0x6da93183c800?, 0x6da931fc5998?, 0x1002d5b04?})&#xA;        /opt/homebrew/Cellar/go/1.26.1/libexec/src/crypto/tls/conn.go:815&#xA;      bytes.(*Buffer).ReadFrom(0x6da931f88d28, {0x1035cca80, 0x6da931ce1980})&#xA;        /opt/homebrew/Cellar/go/1.26.1/libexec/src/bytes/buffer.go:229&#xA;      crypto/tls.(*Conn).readFromUntil(0x6da931f88a88, {0x10c7d0a20, 0x6da931e99260}, 0x748?)&#xA;        /opt/homebrew/Cellar/go/1.26.1/libexec/src/crypto/tls/conn.go:837&#xA;      crypto/tls.(*Conn).readRecordOrCCS(0x6da931f88a88, 0x0)&#xA;        /opt/homebrew/Cellar/go/1.26.1/libexec/src/crypto/tls/conn.go:626&#xA;      crypto/tls.(*Conn).readRecord(...)&#xA;        /opt/homebrew/Cellar/go/1.26.1/libexec/src/crypto/tls/conn.go:588&#xA;      crypto/tls.(*Conn).Read(0x6da931f88a88, {0x6da931b79000, 0x1000, 0x6da900000000?})&#xA;        /opt/homebrew/Cellar/go/1.26.1/libexec/src/crypto/tls/conn.go:1393&#xA;      bufio.(*Reader).Read(0x6da931b344e0, {0x6da931b7a044, 0x9, 0x1004ec914?})&#xA;        /opt/homebrew/Cellar/go/1.26.1/libexec/src/bufio/bufio.go:245&#xA;      io.ReadAtLeast({0x1035c8960, 0x6da931b344e0}, {0x6da931b7a044, 0x9, 0x9}, 0x9)&#xA;        /opt/homebrew/Cellar/go/1.26.1/libexec/src/io/io.go:335&#xA;      io.ReadFull(...)&#xA;        /opt/homebrew/Cellar/go/1.26.1/libexec/src/io/io.go:354&#xA;      golang.org/x/net/http2.readFrameHeader({0x6da931b7a044, 0x9, 0x100e0?}, {0x1035c8960?, 0x6da931b344e0?})&#xA;        /Users/thomas.smith1/go/pkg/mod/golang.org/x/net@v0.53.0/http2/frame.go:250&#xA;      golang.org/x/net/http2.(*Framer).ReadFrameHeader(0x6da931b7a000)&#xA;        /Users/thomas.smith1/go/pkg/mod/golang.org/x/net@v0.53.0/http2/frame.go:513&#xA;      golang.org/x/net/http2.(*Framer).ReadFrame(0x6da931b7a000)&#xA;        /Users/thomas.smith1/go/pkg/mod/golang.org/x/net@v0.53.0/http2/frame.go:572&#xA;      golang.org/x/net/http2.(*clientConnReadLoop).run(0x6da931fc5f98)&#xA;        /Users/thomas.smith1/go/pkg/mod/golang.org/x/net@v0.53.0/http2/transport.go:2251&#xA;      golang.org/x/net/http2.(*ClientConn).readLoop(0x6da931b74000)&#xA;        /Users/thomas.smith1/go/pkg/mod/golang.org/x/net@v0.53.0/http2/transport.go:2120&#xA;      golang.org/x/net/http2.(*Transport).newClientConn in goroutine 51&#xA;        /Users/thomas.smith1/go/pkg/mod/golang.org/x/net@v0.53.0/http2/transport.go:873&#xA;</error>
              <system-err>&gt; Enter [BeforeEach] Cross-namespace connectivity - /Users/thomas.smith1/git/moj/cloud-platform-integration-tests/test/networkpolicy_test.go:27 @ 06/15/26 16:02:17.384&#xA;[INTERRUPTED] Interrupted by User&#xA;In [BeforeEach] at: /Users/thomas.smith1/git/moj/cloud-platform-integration-tests/test/networkpolicy_test.go:27 @ 06/15/26 16:02:25.697&#xA;&#xA;This is the Progress Report generated when the interrupt was received:&#xA;  NetworkPolicy Cross-namespace connectivity WITH Cloud Platform default deny policy THEN ALLOW same-namespace traffic (Spec Runtime: 8.313s)&#xA;    /Users/thomas.smith1/git/moj/cloud-platform-integration-tests/test/networkpolicy_test.go:124&#xA;    In [BeforeEach] (Node Runtime: 8.313s)&#xA;      /Users/thomas.smith1/git/moj/cloud-platform-integration-tests/test/networkpolicy_test.go:27&#xA;&#xA;    Spec Goroutine&#xA;    goroutine 70 [sleep]&#xA;      time.Sleep(0x2540be400)&#xA;        /opt/homebrew/Cellar/go/1.26.1/libexec/src/runtime/time.go:363&#xA;      github.com/gruntwork-io/terratest/modules/retry.DoWithRetryInterfaceE({0x10cacca38, 0x6da93136af30}, {0x6da93146c3c0, 0x2a}, 0xa, 0x2540be400, 0x6da93139bae8)&#xA;        /Users/thomas.smith1/go/pkg/mod/github.com/gruntwork-io/terratest@v0.54.0/modules/retry/retry.go:104&#xA;      github.com/gruntwork-io/terratest/modules/retry.DoWithRetryE({0x10cacca38?, 0x6da93136af30?}, {0x6da93146c3c0?, 0x1?}, 0x1?, 0x10159acf4?, 0x6da93139bb98?)&#xA;        /Users/thomas.smith1/go/pkg/mod/github.com/gruntwork-io/terratest@v0.54.0/modules/retry/retry.go:68&#xA;      github.com/gruntwork-io/terratest/modules/k8s.WaitUntilPodAvailableE({0x10cacca38, 0x6da93136af30}, 0x6da931b34060, {0x1017f6f9d, 0xa}, 0xa, 0x2540be400)&#xA;        /Users/thomas.smith1/go/pkg/mod/github.com/gruntwork-io/terratest@v0.54.0/modules/k8s/pod.go:114&#xA;      github.com/gruntwork-io/terratest/modules/k8s.WaitUntilPodAvailable({0x10cacca38, 0x6da93136af30}, 0x6da93139bc53?, {0x1017f6f9d?, 0x0?}, 0x0?, 0x103845a10?)&#xA;        /Users/thomas.smith1/go/pkg/mod/github.com/gruntwork-io/terratest@v0.54.0/modules/k8s/pod.go:107&#xA;    &gt; github.com/ministryofjustice/cloud-platform-integration-tests/test.init.func2.1.1()&#xA;        /Users/thomas.smith1/git/moj/cloud-platform-integration-tests/test/networkpolicy_test.go:70&#xA;          | Expect(err).NotTo(HaveOccurred())&#xA;          | &#xA;          &gt; k8s.WaitUntilPodAvailable(GinkgoT(), options1, &#34;test-pod-1&#34;, 10, 10*time.Second)&#xA;          | k8s.WaitUntilPodAvailable(GinkgoT(), options1, &#34;test-pod-1b&#34;, 10, 10*time.Second)&#xA;          | k8s.WaitUntilPodAvailable(GinkgoT(), options2, &#34;test-pod-2&#34;, 10, 10*time.Second)&#xA;      github.com/onsi/ginkgo/v2/internal.extractBodyFunction.func3({0x103306480?, 0x10129f798?})&#xA;        /Users/thomas.smith1/go/pkg/mod/github.com/onsi/ginkgo/v2@v2.31.0/internal/node.go:585&#xA;      github.com/onsi/ginkgo/v2/internal.(*Suite).runNode.func3()&#xA;        /Users/thomas.smith1/go/pkg/mod/github.com/onsi/ginkgo/v2@v2.31.0/internal/suite.go:946&#xA;      github.com/onsi/ginkgo/v2/internal.(*Suite).runNode in goroutine 36&#xA;        /Users/thomas.smith1/go/pkg/mod/github.com/onsi/ginkgo/v2@v2.31.0/internal/suite.go:911&#xA;&#xA;    Goroutines of Interest&#xA;    goroutine 1 [chan receive]&#xA;      testing.(*T).Run(0x6da9318f5b08, {0x1017f3cca?, 0x6da931c65968?}, 0x1035bc4b8)&#xA;        /opt/homebrew/Cellar/go/1.26.1/libexec/src/testing/testing.go:2109&#xA;      testing.runTests.func1(0x6da9318f5b08)&#xA;        /opt/homebrew/Cellar/go/1.26.1/libexec/src/testing/testing.go:2585&#xA;      testing.tRunner(0x6da9318f5b08, 0x6da931c65a98)&#xA;        /opt/homebrew/Cellar/go/1.26.1/libexec/src/testing/testing.go:2036&#xA;      testing.runTests({0x10187fe6c, 0x3d}, {0x1018888f5, 0x42}, 0x6da931a89398, {0x103848d40, 0x1, 0x1}, {0x6da931c65b28?, 0x1000f11c0?, ...})&#xA;        /opt/homebrew/Cellar/go/1.26.1/libexec/src/testing/testing.go:2583&#xA;      testing.(*M).Run(0x6da9319f3d60)&#xA;        /opt/homebrew/Cellar/go/1.26.1/libexec/src/testing/testing.go:2443&#xA;    &gt; github.com/ministryofjustice/cloud-platform-integration-tests/test.TestMain(0x6da9319f3d60)&#xA;        /Users/thomas.smith1/git/moj/cloud-platform-integration-tests/test/platform_test.go:61&#xA;          | // Run tests&#xA;          | fmt.Printf(&#34;Starting tests on cluster: %s\n&#34;, c.ClusterName)&#xA;          &gt; exitVal := m.Run()&#xA;          | &#xA;          | // Cleanup all prefixed namespaces after the tests have finished.&#xA;      main.main()&#xA;        _testmain.go:48&#xA;&#xA;    Other Goroutines&#xA;    goroutine 36 [running]&#xA;      github.com/onsi/ginkgo/v2/internal.extractRunningGoroutines()&#xA;        /Users/thomas.smith1/go/pkg/mod/github.com/onsi/ginkgo/v2@v2.31.0/internal/progress_report.go:181&#xA;      github.com/onsi/ginkgo/v2/internal.NewProgressReport(_, {{0x6da931c26120, 0x3, 0x3}, {0x6da931b8e160, 0x3, 0x3}, {0x6da931a320a0, 0x3, 0x3}, ...}, ...)&#xA;        /Users/thomas.smith1/go/pkg/mod/github.com/onsi/ginkgo/v2@v2.31.0/internal/progress_report.go:75&#xA;      github.com/onsi/ginkgo/v2/internal.(*Suite).generateProgressReport(_, _)&#xA;        /Users/thomas.smith1/go/pkg/mod/github.com/onsi/ginkgo/v2@v2.31.0/internal/suite.go:409&#xA;      github.com/onsi/ginkgo/v2/internal.(*Suite).runNode(_, {0x7, 0x8, {0x0, 0x0}, 0x6da931bebec0, {{0x101fe4497, 0x58}, 0x1b, {0x0, ...}, ...}, ...}, ...)&#xA;        /Users/thomas.smith1/go/pkg/mod/github.com/onsi/ginkgo/v2@v2.31.0/internal/suite.go:1033&#xA;      github.com/onsi/ginkgo/v2/internal.(*group).attemptSpec(0x6da9319892f0, 0x1, {{0x6da931452c08?, 0x6da931b8e160?, 0x3?}, 0x0?})&#xA;        /Users/thomas.smith1/go/pkg/mod/github.com/onsi/ginkgo/v2@v2.31.0/internal/group.go:234&#xA;      github.com/onsi/ginkgo/v2/internal.(*group).run(0x6da9319892f0, {0x6da932216060?, 0x0?, 0x0?})&#xA;        /Users/thomas.smith1/go/pkg/mod/github.com/onsi/ginkgo/v2@v2.31.0/internal/group.go:384&#xA;      github.com/onsi/ginkgo/v2/internal.(*Suite).runSpecs(0x6da9319cc408, {0x1017f88eb, 0xb}, {0x1038c91c0, 0x0, 0x0}, {0x1038c91c0, 0x0, 0x0}, 0x6da931c1c6c0, ...)&#xA;        /Users/thomas.smith1/go/pkg/mod/github.com/onsi/ginkgo/v2@v2.31.0/internal/suite.go:519&#xA;      github.com/onsi/ginkgo/v2/internal.(*Suite).Run(_, {_, _}, {_, _, _}, {_, _, _}, _, ...)&#xA;        /Users/thomas.smith1/go/pkg/mod/github.com/onsi/ginkgo/v2@v2.31.0/internal/suite.go:136&#xA;      github.com/onsi/ginkgo/v2.RunSpecs({0x1035c85c0, 0x6da931354248}, {0x1017f88eb, 0xb}, {0x6da931d6ce18, 0x2, 0x2})&#xA;        /Users/thomas.smith1/go/pkg/mod/github.com/onsi/ginkgo/v2@v2.31.0/core_dsl.go:314&#xA;      github.com/ministryofjustice/cloud-platform-integration-tests/test.TestSpec(0x6da931354248)&#xA;        /Users/thomas.smith1/git/moj/cloud-platform-integration-tests/test/platform_test.go:83&#xA;      testing.tRunner(0x6da931354248, 0x1035bc4b8)&#xA;        /opt/homebrew/Cellar/go/1.26.1/libexec/src/testing/testing.go:2036&#xA;      testing.(*T).Run in goroutine 1&#xA;        /opt/homebrew/Cellar/go/1.26.1/libexec/src/testing/testing.go:2101&#xA;&#xA;    goroutine 24 [syscall]&#xA;      os/signal.signal_recv()&#xA;        /opt/homebrew/Cellar/go/1.26.1/libexec/src/runtime/sigqueue.go:149&#xA;      os/signal.loop()&#xA;        /opt/homebrew/Cellar/go/1.26.1/libexec/src/os/signal/signal_unix.go:23&#xA;      os/signal.Notify.func1.1 in goroutine 36&#xA;        /opt/homebrew/Cellar/go/1.26.1/libexec/src/os/signal/signal.go:152&#xA;&#xA;    goroutine 25 [select]&#xA;      github.com/onsi/ginkgo/v2/internal/interrupt_handler.(*InterruptHandler).registerForInterrupts.func2(0x0?)&#xA;        /Users/thomas.smith1/go/pkg/mod/github.com/onsi/ginkgo/v2@v2.31.0/internal/interrupt_handler/interrupt_handler.go:131&#xA;      github.com/onsi/ginkgo/v2/internal/interrupt_handler.(*InterruptHandler).registerForInterrupts in goroutine 36&#xA;        /Users/thomas.smith1/go/pkg/mod/github.com/onsi/ginkgo/v2@v2.31.0/internal/interrupt_handler/interrupt_handler.go:128&#xA;&#xA;    goroutine 38 [select]&#xA;      github.com/onsi/ginkgo/v2/internal.RegisterForProgressSignal.func1()&#xA;        /Users/thomas.smith1/go/pkg/mod/github.com/onsi/ginkgo/v2@v2.31.0/internal/progress_report.go:32&#xA;      github.com/onsi/ginkgo/v2/internal.RegisterForProgressSignal in goroutine 36&#xA;        /Users/thomas.smith1/go/pkg/mod/github.com/onsi/ginkgo/v2@v2.31.0/internal/progress_report.go:30&#xA;&#xA;    goroutine 52 [IO wait]&#xA;      internal/poll.runtime_pollWait(0x10cacd800, 0x72)&#xA;        /opt/homebrew/Cellar/go/1.26.1/libexec/src/runtime/netpoll.go:351&#xA;      internal/poll.(*pollDesc).wait(0x6da931f92180?, 0x6da93183c800?, 0x0)&#xA;        /opt/homebrew/Cellar/go/1.26.1/libexec/src/internal/poll/fd_poll_runtime.go:84&#xA;      internal/poll.(*pollDesc).waitRead(...)&#xA;        /opt/homebrew/Cellar/go/1.26.1/libexec/src/internal/poll/fd_poll_runtime.go:89&#xA;      internal/poll.(*FD).Read(0x6da931f92180, {0x6da93183c800, 0x1800, 0x1800})&#xA;        /opt/homebrew/Cellar/go/1.26.1/libexec/src/internal/poll/fd_unix.go:165&#xA;      net.(*netFD).Read(0x6da931f92180, {0x6da93183c800?, 0x6da93183d8b8?, 0x5?})&#xA;        /opt/homebrew/Cellar/go/1.26.1/libexec/src/net/fd_posix.go:68&#xA;      net.(*conn).Read(0x6da9314026c8, {0x6da93183c800?, 0x6da931fc5938?, 0x1000ac7ec?})&#xA;        /opt/homebrew/Cellar/go/1.26.1/libexec/src/net/net.go:196&#xA;      crypto/tls.(*atLeastReader).Read(0x6da931ce1980, {0x6da93183c800?, 0x6da931fc5998?, 0x1002d5b04?})&#xA;        /opt/homebrew/Cellar/go/1.26.1/libexec/src/crypto/tls/conn.go:815&#xA;      bytes.(*Buffer).ReadFrom(0x6da931f88d28, {0x1035cca80, 0x6da931ce1980})&#xA;        /opt/homebrew/Cellar/go/1.26.1/libexec/src/bytes/buffer.go:229&#xA;      crypto/tls.(*Conn).readFromUntil(0x6da931f88a88, {0x10c7d0a20, 0x6da931e99260}, 0x748?)&#xA;        /opt/homebrew/Cellar/go/1.26.1/libexec/src/crypto/tls/conn.go:837&#xA;      crypto/tls.(*Conn).readRecordOrCCS(0x6da931f88a88, 0x0)&#xA;        /opt/homebrew/Cellar/go/1.26.1/libexec/src/crypto/tls/conn.go:626&#xA;      crypto/tls.(*Conn).readRecord(...)&#xA;        /opt/homebrew/Cellar/go/1.26.1/libexec/src/crypto/tls/conn.go:588&#xA;      crypto/tls.(*Conn).Read(0x6da931f88a88, {0x6da931b79000, 0x1000, 0x6da900000000?})&#xA;        /opt/homebrew/Cellar/go/1.26.1/libexec/src/crypto/tls/conn.go:1393&#xA;      bufio.(*Reader).Read(0x6da931b344e0, {0x6da931b7a044, 0x9, 0x1004ec914?})&#xA;        /opt/homebrew/Cellar/go/1.26.1/libexec/src/bufio/bufio.go:245&#xA;      io.ReadAtLeast({0x1035c8960, 0x6da931b344e0}, {0x6da931b7a044, 0x9, 0x9}, 0x9)&#xA;        /opt/homebrew/Cellar/go/1.26.1/libexec/src/io/io.go:335&#xA;      io.ReadFull(...)&#xA;        /opt/homebrew/Cellar/go/1.26.1/libexec/src/io/io.go:354&#xA;      golang.org/x/net/http2.readFrameHeader({0x6da931b7a044, 0x9, 0x100e0?}, {0x1035c8960?, 0x6da931b344e0?})&#xA;        /Users/thomas.smith1/go/pkg/mod/golang.org/x/net@v0.53.0/http2/frame.go:250&#xA;      golang.org/x/net/http2.(*Framer).ReadFrameHeader(0x6da931b7a000)&#xA;        /Users/thomas.smith1/go/pkg/mod/golang.org/x/net@v0.53.0/http2/frame.go:513&#xA;      golang.org/x/net/http2.(*Framer).ReadFrame(0x6da931b7a000)&#xA;        /Users/thomas.smith1/go/pkg/mod/golang.org/x/net@v0.53.0/http2/frame.go:572&#xA;      golang.org/x/net/http2.(*clientConnReadLoop).run(0x6da931fc5f98)&#xA;        /Users/thomas.smith1/go/pkg/mod/golang.org/x/net@v0.53.0/http2/transport.go:2251&#xA;      golang.org/x/net/http2.(*ClientConn).readLoop(0x6da931b74000)&#xA;        /Users/thomas.smith1/go/pkg/mod/golang.org/x/net@v0.53.0/http2/transport.go:2120&#xA;      golang.org/x/net/http2.(*Transport).newClientConn in goroutine 51&#xA;        /Users/thomas.smith1/go/pkg/mod/golang.org/x/net@v0.53.0/http2/transport.go:873&#xA;Interrupted by User&#xA;First interrupt received; Ginkgo will run any cleanup and reporting nodes but will skip all remaining specs.  Interrupt again to skip cleanup.&#xA;Here&#39;s a current progress report:&#xA;  NetworkPolicy Cross-namespace connectivity WITH Cloud Platform default deny policy THEN ALLOW same-namespace traffic (Spec Runtime: 8.313s)&#xA;    /Users/thomas.smith1/git/moj/cloud-platform-integration-tests/test/networkpolicy_test.go:124&#xA;    In [BeforeEach] (Node Runtime: 8.313s)&#xA;      /Users/thomas.smith1/git/moj/cloud-platform-integration-tests/test/networkpolicy_test.go:27&#xA;&#xA;    Spec Goroutine&#xA;    goroutine 70 [sleep]&#xA;      time.Sleep(0x2540be400)&#xA;        /opt/homebrew/Cellar/go/1.26.1/libexec/src/runtime/time.go:363&#xA;      github.com/gruntwork-io/terratest/modules/retry.DoWithRetryInterfaceE({0x10cacca38, 0x6da93136af30}, {0x6da93146c3c0, 0x2a}, 0xa, 0x2540be400, 0x6da93139bae8)&#xA;        /Users/thomas.smith1/go/pkg/mod/github.com/gruntwork-io/terratest@v0.54.0/modules/retry/retry.go:104&#xA;      github.com/gruntwork-io/terratest/modules/retry.DoWithRetryE({0x10cacca38?, 0x6da93136af30?}, {0x6da93146c3c0?, 0x1?}, 0x1?, 0x10159acf4?, 0x6da93139bb98?)&#xA;        /Users/thomas.smith1/go/pkg/mod/github.com/gruntwork-io/terratest@v0.54.0/modules/retry/retry.go:68&#xA;      github.com/gruntwork-io/terratest/modules/k8s.WaitUntilPodAvailableE({0x10cacca38, 0x6da93136af30}, 0x6da931b34060, {0x1017f6f9d, 0xa}, 0xa, 0x2540be400)&#xA;        /Users/thomas.smith1/go/pkg/mod/github.com/gruntwork-io/terratest@v0.54.0/modules/k8s/pod.go:114&#xA;      github.com/gruntwork-io/terratest/modules/k8s.WaitUntilPodAvailable({0x10cacca38, 0x6da93136af30}, 0x6da93139bc53?, {0x1017f6f9d?, 0x0?}, 0x0?, 0x103845a10?)&#xA;        /Users/thomas.smith1/go/pkg/mod/github.com/gruntwork-io/terratest@v0.54.0/modules/k8s/pod.go:107&#xA;    &gt; github.com/ministryofjustice/cloud-platform-integration-tests/test.init.func2.1.1()&#xA;        /Users/thomas.smith1/git/moj/cloud-platform-integration-tests/test/networkpolicy_test.go:70&#xA;          | Expect(err).NotTo(HaveOccurred())&#xA;          | &#xA;          &gt; k8s.WaitUntilPodAvailable(GinkgoT(), options1, &#34;test-pod-1&#34;, 10, 10*time.Second)&#xA;          | k8s.WaitUntilPodAvailable(GinkgoT(), options1, &#34;test-pod-1b&#34;, 10, 10*time.Second)&#xA;          | k8s.WaitUntilPodAvailable(GinkgoT(), options2, &#34;test-pod-2&#34;, 10, 10*time.Second)&#xA;      github.com/onsi/ginkgo/v2/internal.extractBodyFunction.func3({0x103306480?, 0x10129f798?})&#xA;        /Users/thomas.smith1/go/pkg/mod/github.com/onsi/ginkgo/v2@v2.31.0/internal/node.go:585&#xA;      github.com/onsi/ginkgo/v2/internal.(*Suite).runNode.func3()&#xA;        /Users/thomas.smith1/go/pkg/mod/github.com/onsi/ginkgo/v2@v2.31.0/internal/suite.go:946&#xA;      github.com/onsi/ginkgo/v2/internal.(*Suite).runNode in goroutine 36&#xA;        /Users/thomas.smith1/go/pkg/mod/github.com/onsi/ginkgo/v2@v2.31.0/internal/suite.go:911&#xA;&#xA;    Goroutines of Interest&#xA;    goroutine 1 [chan receive]&#xA;      testing.(*T).Run(0x6da9318f5b08, {0x1017f3cca?, 0x6da931c65968?}, 0x1035bc4b8)&#xA;        /opt/homebrew/Cellar/go/1.26.1/libexec/src/testing/testing.go:2109&#xA;      testing.runTests.func1(0x6da9318f5b08)&#xA;        /opt/homebrew/Cellar/go/1.26.1/libexec/src/testing/testing.go:2585&#xA;      testing.tRunner(0x6da9318f5b08, 0x6da931c65a98)&#xA;        /opt/homebrew/Cellar/go/1.26.1/libexec/src/testing/testing.go:2036&#xA;      testing.runTests({0x10187fe6c, 0x3d}, {0x1018888f5, 0x42}, 0x6da931a89398, {0x103848d40, 0x1, 0x1}, {0x6da931c65b28?, 0x1000f11c0?, ...})&#xA;        /opt/homebrew/Cellar/go/1.26.1/libexec/src/testing/testing.go:2583&#xA;      testing.(*M).Run(0x6da9319f3d60)&#xA;        /opt/homebrew/Cellar/go/1.26.1/libexec/src/testing/testing.go:2443&#xA;    &gt; github.com/ministryofjustice/cloud-platform-integration-tests/test.TestMain(0x6da9319f3d60)&#xA;        /Users/thomas.smith1/git/moj/cloud-platform-integration-tests/test/platform_test.go:61&#xA;          | // Run tests&#xA;          | fmt.Printf(&#34;Starting tests on cluster: %s\n&#34;, c.ClusterName)&#xA;          &gt; exitVal := m.Run()&#xA;          | &#xA;          | // Cleanup all prefixed namespaces after the tests have finished.&#xA;      main.main()&#xA;        _testmain.go:48&#xA;&lt; Exit [BeforeEach] Cross-namespace connectivity - /Users/thomas.smith1/git/moj/cloud-platform-integration-tests/test/networkpolicy_test.go:27 @ 06/15/26 16:02:25.702 (8.319s)&#xA;&gt; Enter [AfterEach] Cross-namespace connectivity - /Users/thomas.smith1/git/moj/cloud-platform-integration-tests/test/networkpolicy_test.go:75 @ 06/15/26 16:02:25.702&#xA;&lt; Exit [AfterEach] Cross-namespace connectivity - /Users/thomas.smith1/git/moj/cloud-platform-integration-tests/test/networkpolicy_test.go:75 @ 06/15/26 16:02:25.793 (91ms)&#xA;</system-err>
          </testcase>
          <testcase name="[It] NetworkPolicy AWS-IMDS global policy access denied THEN DENY access to AWS IMDS" classname="Tests Suite" status="skipped" time="0">
              <skipped message="skipped"></skipped>
          </testcase>
          <testcase name="[It] NetworkPolicy AWS-IMDS access permitted namespace THEN ALLOW access to AWS IMDS" classname="Tests Suite" status="skipped" time="0">
              <skipped message="skipped"></skipped>
          </testcase>
          <testcase name="[It] NetworkPolicy Cross-namespace connectivity WITH Cloud Platform default deny policy THEN DENY cross-namespace traffic" classname="Tests Suite" status="skipped" time="0">
              <skipped message="skipped"></skipped>
          </testcase>
          <testcase name="[It] GIVEN VPC endpoints are configured THEN ALLOW connectivity to all AWS services via VPC endpoints" classname="Tests Suite" status="skipped" time="0">
              <skipped message="skipped"></skipped>
          </testcase>
          <testcase name="[It] NetworkPolicy Cross-namespace connectivity WITH Cloud Platform default deny policy WITH cross-namespace allow policy THEN ALLOW traffic between namespaces" classname="Tests Suite" status="skipped" time="0">
              <skipped message="skipped"></skipped>
          </testcase>
          <testcase name="[It] NetworkPolicy Internet access default allowed THEN ALLOW internet access by default" classname="Tests Suite" status="skipped" time="0">
              <skipped message="skipped"></skipped>
          </testcase>
          <testcase name="[It] GIVEN VPC endpoints are configured THEN all AWS services resolve to internal VPC addresses" classname="Tests Suite" status="skipped" time="0">
              <skipped message="skipped"></skipped>
          </testcase>
          <testcase name="[It] GIVEN a gatekeeper installation THEN return all expected constraints" classname="Tests Suite" status="skipped" time="0">
              <skipped message="skipped"></skipped>
          </testcase>
      </testsuite>
  </testsuites>