<?xml version="1.0" encoding="UTF-8"?>
  <testsuites tests="2" disabled="0" errors="0" failures="0" time="1.050598459">
      <testsuite name="Tests Suite" package="/Users/dan.criddle/tmp/integration-tests/container-platform-integration-tests/test" tests="2" disabled="0" skipped="0" errors="0" failures="0" time="1.050598459" timestamp="2026-06-23T17:17:30">
          <properties>
              <property name="SuiteSucceeded" value="true"></property>
              <property name="SuiteHasProgrammaticFocus" value="false"></property>
              <property name="SpecialSuiteFailureReason" value=""></property>
              <property name="SuiteLabels" value="[]"></property>
              <property name="SuiteSemVerConstraints" value="[]"></property>
              <property name="SuiteComponentSemVerConstraints" value="[]"></property>
              <property name="RandomSeed" value="1782231446"></property>
              <property name="RandomizeAllSpecs" value="true"></property>
              <property name="LabelFilter" value=""></property>
              <property name="SemVerFilter" value=""></property>
              <property name="FocusStrings" value=""></property>
              <property name="SkipStrings" value=""></property>
              <property name="FocusFiles" value=""></property>
              <property name="SkipFiles" value=""></property>
              <property name="FailOnPending" value="false"></property>
              <property name="FailOnEmpty" value="false"></property>
              <property name="FailFast" value="false"></property>
              <property name="FlakeAttempts" value="0"></property>
              <property name="DryRun" value="false"></property>
              <property name="ParallelTotal" value="1"></property>
              <property name="OutputInterceptorMode" value="none"></property>
          </properties>
          <testcase name="[It] EKS Auto Mode should have computeConfig.enabled = true" classname="Tests Suite" status="passed" time="0.205129458">
              <system-err>&gt; Enter [It] should have computeConfig.enabled = true - /Users/dan.criddle/tmp/integration-tests/container-platform-integration-tests/test/cluster_test.go:18 @ 06/23/26 17:17:30.144&#xA;&lt; Exit [It] should have computeConfig.enabled = true - /Users/dan.criddle/tmp/integration-tests/container-platform-integration-tests/test/cluster_test.go:18 @ 06/23/26 17:17:30.349 (205ms)&#xA;</system-err>
          </testcase>
          <testcase name="[It] GIVEN a gatekeeper installation THEN return all expected constraints" classname="Tests Suite" status="passed" time="0.845067292">
              <system-err>&gt; Enter [It] THEN return all expected constraints - /Users/dan.criddle/tmp/integration-tests/container-platform-integration-tests/test/gatekeeper_test.go:22 @ 06/23/26 17:17:30.349&#xA;&lt; Exit [It] THEN return all expected constraints - /Users/dan.criddle/tmp/integration-tests/container-platform-integration-tests/test/gatekeeper_test.go:22 @ 06/23/26 17:17:31.194 (845ms)&#xA;</system-err>
          </testcase>
      </testsuite>
  </testsuites>